  Road.cpp
c:\users\raven\source\repos\simulation\simulation\roadline.h(7): error C2065: 'RoadEvent': undeclared identifier
c:\users\raven\source\repos\simulation\simulation\roadline.h(7): error C2923: 'std::vector': 'RoadEvent' is not a valid template type argument for parameter '_Ty'
c:\users\raven\source\repos\simulation\simulation\roadline.h(7): error C2903: 'allocator': symbol is neither a class template nor a function template
c:\users\raven\source\repos\simulation\simulation\roadline.h(7): error C3203: 'allocator': unspecialized class template can't be used as a template argument for template parameter '_Alloc', expected a real type
c:\users\raven\source\repos\simulation\simulation\roadline.h(10): error C2065: 'RoadEvent': undeclared identifier
c:\users\raven\source\repos\simulation\simulation\roadline.h(10): error C2923: 'std::vector': 'RoadEvent' is not a valid template type argument for parameter '_Ty'
c:\users\raven\source\repos\simulation\simulation\roadline.h(10): error C2903: 'allocator': symbol is neither a class template nor a function template
c:\users\raven\source\repos\simulation\simulation\roadline.h(10): error C3203: 'allocator': unspecialized class template can't be used as a template argument for template parameter '_Alloc', expected a real type
c:\users\raven\source\repos\simulation\simulation\road.cpp(20): error C2663: 'std::vector<_Ty,_Alloc>::begin': 2 overloads have no legal conversion for 'this' pointer
c:\users\raven\source\repos\simulation\simulation\road.cpp(24): error C2663: 'std::vector<_Ty,_Alloc>::insert': 4 overloads have no legal conversion for 'this' pointer
  RoadBuilder.cpp
c:\users\raven\source\repos\simulation\simulation\roadline.h(7): error C2065: 'RoadEvent': undeclared identifier
c:\users\raven\source\repos\simulation\simulation\roadline.h(7): error C2923: 'std::vector': 'RoadEvent' is not a valid template type argument for parameter '_Ty'
c:\users\raven\source\repos\simulation\simulation\roadline.h(7): error C2903: 'allocator': symbol is neither a class template nor a function template
c:\users\raven\source\repos\simulation\simulation\roadline.h(7): error C3203: 'allocator': unspecialized class template can't be used as a template argument for template parameter '_Alloc', expected a real type
c:\users\raven\source\repos\simulation\simulation\roadline.h(10): error C2065: 'RoadEvent': undeclared identifier
c:\users\raven\source\repos\simulation\simulation\roadline.h(10): error C2923: 'std::vector': 'RoadEvent' is not a valid template type argument for parameter '_Ty'
c:\users\raven\source\repos\simulation\simulation\roadline.h(10): error C2903: 'allocator': symbol is neither a class template nor a function template
c:\users\raven\source\repos\simulation\simulation\roadline.h(10): error C3203: 'allocator': unspecialized class template can't be used as a template argument for template parameter '_Alloc', expected a real type
c:\users\raven\source\repos\simulation\simulation\roadbuilder.cpp(29): error C2440: '<function-style-cast>': cannot convert from 'std::vector<RoadEvent,std::allocator<_Ty>>' to 'RoadLine'
          with
          [
              _Ty=RoadEvent
          ]
  c:\users\raven\source\repos\simulation\simulation\roadbuilder.cpp(29): note: No constructor could take the source type, or constructor overload resolution was ambiguous
c:\users\raven\source\repos\simulation\simulation\roadbuilder.cpp(39): error C2440: '<function-style-cast>': cannot convert from 'std::vector<RoadEvent,std::allocator<_Ty>>' to 'RoadLine'
          with
          [
              _Ty=RoadEvent
          ]
  c:\users\raven\source\repos\simulation\simulation\roadbuilder.cpp(39): note: No constructor could take the source type, or constructor overload resolution was ambiguous
  RoadLine.cpp
c:\users\raven\source\repos\simulation\simulation\roadline.h(7): error C2065: 'RoadEvent': undeclared identifier
c:\users\raven\source\repos\simulation\simulation\roadline.h(7): error C2923: 'std::vector': 'RoadEvent' is not a valid template type argument for parameter '_Ty'
c:\users\raven\source\repos\simulation\simulation\roadline.h(7): error C2903: 'allocator': symbol is neither a class template nor a function template
c:\users\raven\source\repos\simulation\simulation\roadline.h(7): error C3203: 'allocator': unspecialized class template can't be used as a template argument for template parameter '_Alloc', expected a real type
c:\users\raven\source\repos\simulation\simulation\roadline.h(10): error C2065: 'RoadEvent': undeclared identifier
c:\users\raven\source\repos\simulation\simulation\roadline.h(10): error C2923: 'std::vector': 'RoadEvent' is not a valid template type argument for parameter '_Ty'
c:\users\raven\source\repos\simulation\simulation\roadline.h(10): error C2903: 'allocator': symbol is neither a class template nor a function template
c:\users\raven\source\repos\simulation\simulation\roadline.h(10): error C3203: 'allocator': unspecialized class template can't be used as a template argument for template parameter '_Alloc', expected a real type
c:\users\raven\source\repos\simulation\simulation\roadline.cpp(6): error C2511: 'RoadLine::RoadLine(std::vector<RoadEvent,std::allocator<_Ty>> &)': overloaded member function not found in 'RoadLine'
          with
          [
              _Ty=RoadEvent
          ]
  c:\users\raven\source\repos\simulation\simulation\roadline.h(5): note: see declaration of 'RoadLine'
c:\users\raven\source\repos\simulation\simulation\roadline.cpp(8): error C2671: 'RoadLine::{ctor}': static member functions do not have 'this' pointers
c:\users\raven\source\repos\simulation\simulation\roadline.cpp(8): error C2227: left of '->Event' must point to class/struct/union/generic type
c:\users\raven\source\repos\simulation\simulation\roadline.cpp(13): error C2663: 'std::vector<_Ty,_Alloc>::end': 2 overloads have no legal conversion for 'this' pointer
c:\users\raven\source\repos\simulation\simulation\roadline.cpp(22): error C2663: 'std::vector<_Ty,_Alloc>::begin': 2 overloads have no legal conversion for 'this' pointer
c:\users\raven\source\repos\simulation\simulation\roadline.cpp(22): error C2663: 'std::vector<_Ty,_Alloc>::end': 2 overloads have no legal conversion for 'this' pointer
  Simulation.cpp
c:\users\raven\source\repos\simulation\simulation\roadline.h(7): error C2065: 'RoadEvent': undeclared identifier
c:\users\raven\source\repos\simulation\simulation\roadline.h(7): error C2923: 'std::vector': 'RoadEvent' is not a valid template type argument for parameter '_Ty'
c:\users\raven\source\repos\simulation\simulation\roadline.h(7): error C2903: 'allocator': symbol is neither a class template nor a function template
c:\users\raven\source\repos\simulation\simulation\roadline.h(7): error C3203: 'allocator': unspecialized class template can't be used as a template argument for template parameter '_Alloc', expected a real type
c:\users\raven\source\repos\simulation\simulation\roadline.h(10): error C2065: 'RoadEvent': undeclared identifier
c:\users\raven\source\repos\simulation\simulation\roadline.h(10): error C2923: 'std::vector': 'RoadEvent' is not a valid template type argument for parameter '_Ty'
c:\users\raven\source\repos\simulation\simulation\roadline.h(10): error C2903: 'allocator': symbol is neither a class template nor a function template
c:\users\raven\source\repos\simulation\simulation\roadline.h(10): error C3203: 'allocator': unspecialized class template can't be used as a template argument for template parameter '_Alloc', expected a real type
c:\users\raven\source\repos\simulation\simulation\simulation.cpp(28): error C2663: 'std::vector<_Ty,_Alloc>::begin': 2 overloads have no legal conversion for 'this' pointer
c:\users\raven\source\repos\simulation\simulation\simulation.cpp(28): error C2663: 'std::vector<_Ty,_Alloc>::end': 2 overloads have no legal conversion for 'this' pointer
  Generating Code...
